09:59:23: Creating resource group General
09:59:23: Creating resource group Internal
09:59:23: Creating resource group Autodetect
09:59:23: Registering ResourceManager for type Mesh
09:59:23: Registering ResourceManager for type Material
09:59:23: Registering ResourceManager for type Skeleton
09:59:23: XMLMeshSerializer reading mesh data from E:\GabrielNuetzi\Repository\cudaTest\Projects\SimulationFramework\Projects\media\blender\Sphere\GoodSphere\Sphere.007.mesh.xml...
09:59:23: Reading submeshes...
09:59:23: Reading geometry...
09:59:23: Geometry done...
09:59:23: Submeshes done.
09:59:23: XMLMeshSerializer import successful.
09:59:23: Reorganising vertex buffers to automatic layout..
09:59:23: MeshSerializer writing mesh data to E:\GabrielNuetzi\Repository\cudaTest\Projects\SimulationFramework\Projects\media\blender\Sphere\GoodSphere\Sphere.007.mesh...
09:59:23: File header written.
09:59:23: Writing mesh data...
09:59:23: Writing submesh...
09:59:23: Exporting submesh texture aliases...
09:59:23: Submesh texture aliases exported.
09:59:23: Submesh exported.
09:59:23: Exporting bounds information....
09:59:23: Bounds information exported.
09:59:23: Exporting submesh name table...
09:59:23: Submesh name table exported.
09:59:23: Exporting edge lists...
09:59:23: Edge lists exported
09:59:23: Mesh data exported.
09:59:23: MeshSerializer export successful.
09:59:23: Unregistering ResourceManager for type Skeleton
09:59:23: Unregistering ResourceManager for type Material
09:59:23: Unregistering ResourceManager for type Mesh
