17:15:03: Creating resource group General
17:15:03: Creating resource group Internal
17:15:03: Creating resource group Autodetect
17:15:03: Registering ResourceManager for type Mesh
17:15:03: Registering ResourceManager for type Material
17:15:03: Registering ResourceManager for type Skeleton
17:15:03: XMLMeshSerializer reading mesh data from E:\GabrielNuetzi\Repository\cudaTest\Projects\SimulationFramework\Projects\media\blender\FunnelRound.001.mesh.xml...
17:15:03: Reading submeshes...
17:15:03: Reading geometry...
17:15:03: Geometry done...
17:15:03: Submeshes done.
17:15:03: XMLMeshSerializer import successful.
17:15:03: Reorganising vertex buffers to automatic layout..
17:15:03: MeshSerializer writing mesh data to E:\GabrielNuetzi\Repository\cudaTest\Projects\SimulationFramework\Projects\media\blender\FunnelRound.001.mesh...
17:15:03: File header written.
17:15:03: Writing mesh data...
17:15:03: Writing submesh...
17:15:03: Exporting submesh texture aliases...
17:15:03: Submesh texture aliases exported.
17:15:03: Submesh exported.
17:15:03: Exporting bounds information....
17:15:03: Bounds information exported.
17:15:03: Exporting submesh name table...
17:15:03: Submesh name table exported.
17:15:03: Exporting edge lists...
17:15:03: Edge lists exported
17:15:03: Mesh data exported.
17:15:03: MeshSerializer export successful.
17:15:03: Unregistering ResourceManager for type Skeleton
17:15:03: Unregistering ResourceManager for type Material
17:15:03: Unregistering ResourceManager for type Mesh
