17:44:58: Creating resource group General
17:44:58: Creating resource group Internal
17:44:58: Creating resource group Autodetect
17:44:58: Registering ResourceManager for type Mesh
17:44:58: Registering ResourceManager for type Material
17:44:58: Registering ResourceManager for type Skeleton
17:44:58: XMLMeshSerializer reading mesh data from E:\GabrielNuetzi\Repository\cudaTest\Projects\SimulationFramework\Projects\media\blender\IMES\IMES.mesh.xml...
17:44:58: Reading submeshes...
17:44:58: Reading geometry...
17:44:58: Geometry done...
17:44:58: Submeshes done.
17:44:58: XMLMeshSerializer import successful.
17:44:58: Reorganising vertex buffers to automatic layout..
17:44:58: MeshSerializer writing mesh data to E:\GabrielNuetzi\Repository\cudaTest\Projects\SimulationFramework\Projects\media\blender\IMES\IMES.mesh...
17:44:58: File header written.
17:44:58: Writing mesh data...
17:44:58: Writing submesh...
17:44:58: Exporting submesh texture aliases...
17:44:58: Submesh texture aliases exported.
17:44:58: Submesh exported.
17:44:58: Exporting bounds information....
17:44:58: Bounds information exported.
17:44:58: Exporting submesh name table...
17:44:58: Submesh name table exported.
17:44:58: Exporting edge lists...
17:44:58: Edge lists exported
17:44:58: Mesh data exported.
17:44:58: MeshSerializer export successful.
17:44:58: Unregistering ResourceManager for type Skeleton
17:44:58: Unregistering ResourceManager for type Material
17:44:58: Unregistering ResourceManager for type Mesh
