17:18:44: Creating resource group General
17:18:44: Creating resource group Internal
17:18:44: Creating resource group Autodetect
17:18:44: Registering ResourceManager for type Mesh
17:18:44: Registering ResourceManager for type Material
17:18:44: Registering ResourceManager for type Skeleton
17:18:44: XMLMeshSerializer reading mesh data from E:\GabrielNuetzi\Repository\cudaTest\Projects\SimulationFramework\Projects\media\blender\Funnel\FunnelRound.001.mesh.xml...
17:18:44: Reading submeshes...
17:18:44: Reading geometry...
17:18:44: Geometry done...
17:18:44: Submeshes done.
17:18:44: XMLMeshSerializer import successful.
17:18:44: Reorganising vertex buffers to automatic layout..
17:18:44: MeshSerializer writing mesh data to E:\GabrielNuetzi\Repository\cudaTest\Projects\SimulationFramework\Projects\media\blender\Funnel\FunnelRound.001.mesh...
17:18:44: File header written.
17:18:44: Writing mesh data...
17:18:44: Writing submesh...
17:18:44: Exporting submesh texture aliases...
17:18:44: Submesh texture aliases exported.
17:18:44: Submesh exported.
17:18:44: Exporting bounds information....
17:18:44: Bounds information exported.
17:18:44: Exporting submesh name table...
17:18:44: Submesh name table exported.
17:18:44: Exporting edge lists...
17:18:44: Edge lists exported
17:18:44: Mesh data exported.
17:18:44: MeshSerializer export successful.
17:18:44: Unregistering ResourceManager for type Skeleton
17:18:44: Unregistering ResourceManager for type Material
17:18:44: Unregistering ResourceManager for type Mesh
