17:58:28: Creating resource group General
17:58:28: Creating resource group Internal
17:58:28: Creating resource group Autodetect
17:58:28: Registering ResourceManager for type Mesh
17:58:28: Registering ResourceManager for type Material
17:58:28: Registering ResourceManager for type Skeleton
17:58:28: XMLMeshSerializer reading mesh data from E:\GabrielNuetzi\Repository\cudaTest\Projects\SimulationFramework\Projects\media\blender\Border\Cube.mesh.xml...
17:58:28: Reading submeshes...
17:58:28: Reading geometry...
17:58:28: Geometry done...
17:58:28: Submeshes done.
17:58:28: XMLMeshSerializer import successful.
17:58:28: Reorganising vertex buffers to automatic layout..
17:58:28: MeshSerializer writing mesh data to E:\GabrielNuetzi\Repository\cudaTest\Projects\SimulationFramework\Projects\media\blender\Border\Cube.mesh...
17:58:28: File header written.
17:58:28: Writing mesh data...
17:58:28: Writing submesh...
17:58:28: Exporting submesh texture aliases...
17:58:28: Submesh texture aliases exported.
17:58:28: Submesh exported.
17:58:28: Exporting bounds information....
17:58:28: Bounds information exported.
17:58:28: Exporting submesh name table...
17:58:28: Submesh name table exported.
17:58:28: Exporting edge lists...
17:58:28: Edge lists exported
17:58:28: Mesh data exported.
17:58:28: MeshSerializer export successful.
17:58:28: Unregistering ResourceManager for type Skeleton
17:58:28: Unregistering ResourceManager for type Material
17:58:28: Unregistering ResourceManager for type Mesh
